<?xml version="1.0" encoding="UTF-8"?>
<!-- Generated by org.testng.reporters.JUnitReportReporter -->
<testsuite skipped="0" hostname="Krishnas-MacBook-Air.local" name="testcases.LoginPage" tests="1" failures="0" timestamp="2020-07-10T23:51:06 IST" time="11.407" errors="0">
  <testcase name="login" time="11.407" classname="testcases.LoginPage"/>
  <system-out/>
</testsuite> <!-- testcases.LoginPage -->
