<?xml version="1.0" encoding="UTF-8"?>
<!-- Generated by org.testng.reporters.JUnitReportReporter -->
<testsuite skipped="0" hostname="Krishnas-MacBook-Air.local" name="StageBaeRoad.PaymentEarnings" tests="1" failures="0" timestamp="2020-07-11T23:16:42 IST" time="71.463" errors="0">
  <testcase name="login" time="71.463" classname="StageBaeRoad.PaymentEarnings"/>
  <system-out/>
</testsuite> <!-- StageBaeRoad.PaymentEarnings -->
