<?xml version="1.0" encoding="UTF-8"?>
<!-- Generated by org.testng.reporters.JUnitReportReporter -->
<testsuite skipped="0" hostname="Krishnas-MacBook-Air.local" name="StageBaeRoad.Posting" tests="1" failures="0" timestamp="2020-07-05T17:15:19 IST" time="19.018" errors="0">
  <testcase name="login" time="19.018" classname="StageBaeRoad.Posting"/>
  <system-out/>
</testsuite> <!-- StageBaeRoad.Posting -->
