<?xml version="1.0" encoding="UTF-8"?>
<!-- Generated by org.testng.reporters.JUnitReportReporter -->
<testsuite skipped="0" hostname="Krishnas-MacBook-Air.local" name="StageBaeRoad.ProfilePage" tests="1" failures="0" timestamp="2020-07-05T22:11:35 IST" time="19.135" errors="0">
  <testcase name="profile" time="19.135" classname="StageBaeRoad.ProfilePage"/>
  <system-out/>
</testsuite> <!-- StageBaeRoad.ProfilePage -->
