<?xml version="1.0" encoding="UTF-8"?>
<!-- Generated by org.testng.reporters.JUnitReportReporter -->
<testsuite skipped="0" hostname="Krishnas-MacBook-Air.local" name="ExtentReportsTesting.ExtentReportSample" tests="3" failures="0" timestamp="2020-06-28T15:09:15 IST" time="9.227" errors="0">
  <testcase name="VerifyGoogleTitle" time="2.289" classname="ExtentReportsTesting.ExtentReportSample"/>
  <system-out/>
  <testcase name="verifyDemoTestTitle" time="3.118" classname="ExtentReportsTesting.ExtentReportSample"/>
  <system-out/>
  <testcase name="verifyYahooTitle" time="3.820" classname="ExtentReportsTesting.ExtentReportSample"/>
  <system-out/>
</testsuite> <!-- ExtentReportsTesting.ExtentReportSample -->
