<?xml version="1.0" encoding="UTF-8"?>
<!-- Generated by org.testng.reporters.JUnitReportReporter -->
<testsuite skipped="0" hostname="Krishnas-MacBook-Air.local" name="StageBaeRoad.PaymentSum" tests="1" failures="0" timestamp="2020-07-11T22:10:20 IST" time="71.703" errors="0">
  <testcase name="login" time="71.703" classname="StageBaeRoad.PaymentSum"/>
  <system-out/>
</testsuite> <!-- StageBaeRoad.PaymentSum -->
