<?xml version="1.0" encoding="UTF-8"?>
<!-- Generated by org.testng.reporters.JUnitReportReporter -->
<testsuite skipped="0" hostname="Krishnas-MacBook-Air.local" name="SeleniumBasics.FirstSeleniumProgram" tests="1" failures="0" timestamp="2020-06-28T13:28:42 IST" time="6.191" errors="0">
  <testcase name="login" time="6.191" classname="SeleniumBasics.FirstSeleniumProgram"/>
  <system-out/>
</testsuite> <!-- SeleniumBasics.FirstSeleniumProgram -->
