<?xml version="1.0" encoding="UTF-8"?>
<!-- Generated by org.testng.reporters.JUnitReportReporter -->
<testsuite skipped="0" hostname="Krishnas-MacBook-Air.local" name="testcases.MyAccountPage" tests="1" failures="0" timestamp="2020-07-11T11:35:49 IST" time="10.101" errors="0">
  <testcase name="myAccount" time="10.101" classname="testcases.MyAccountPage"/>
  <system-out/>
</testsuite> <!-- testcases.MyAccountPage -->
