<?xml version="1.0" encoding="UTF-8"?>
<!-- Generated by org.testng.reporters.JUnitReportReporter -->
<testsuite skipped="0" hostname="Krishnas-MacBook-Air.local" name="StageBaeRoad.PostingReports" tests="1" failures="0" timestamp="2020-07-11T12:05:00 IST" time="25.179" errors="0">
  <testcase name="login" time="25.179" classname="StageBaeRoad.PostingReports"/>
  <system-out/>
</testsuite> <!-- StageBaeRoad.PostingReports -->
